0 info it worked if it ends with ok
1 verbose cli [ 'C:\\Program Files\\nodejs\\node.exe',
1 verbose cli   'C:\\Program Files\\nodejs\\node_modules\\npm\\bin\\npm-cli.js',
1 verbose cli   'install',
1 verbose cli   '--scripts-prepend-node-path=auto' ]
2 info using npm@3.10.8
3 info using node@v7.0.0
4 silly loadCurrentTree Starting
5 silly install loadCurrentTree
6 silly install readLocalPackageData
7 silly install normalizeTree
8 silly loadCurrentTree Finishing
9 silly loadIdealTree Starting
10 silly install loadIdealTree
11 silly cloneCurrentTree Starting
12 silly install cloneCurrentTreeToIdealTree
13 silly cloneCurrentTree Finishing
14 silly loadShrinkwrap Starting
15 silly install loadShrinkwrap
16 silly loadShrinkwrap Finishing
17 silly loadAllDepsIntoIdealTree Starting
18 silly install loadAllDepsIntoIdealTree
19 silly fetchNamedPackageData axios
20 silly mapToRegistry name axios
21 silly mapToRegistry using default registry
22 silly mapToRegistry registry https://registry.npmjs.org/
23 silly mapToRegistry data Result {
23 silly mapToRegistry   raw: 'axios',
23 silly mapToRegistry   scope: null,
23 silly mapToRegistry   escapedName: 'axios',
23 silly mapToRegistry   name: 'axios',
23 silly mapToRegistry   rawSpec: '',
23 silly mapToRegistry   spec: 'latest',
23 silly mapToRegistry   type: 'tag' }
24 silly mapToRegistry uri https://registry.npmjs.org/axios
25 silly fetchNamedPackageData bootstrap-sass
26 silly mapToRegistry name bootstrap-sass
27 silly mapToRegistry using default registry
28 silly mapToRegistry registry https://registry.npmjs.org/
29 silly mapToRegistry data Result {
29 silly mapToRegistry   raw: 'bootstrap-sass',
29 silly mapToRegistry   scope: null,
29 silly mapToRegistry   escapedName: 'bootstrap-sass',
29 silly mapToRegistry   name: 'bootstrap-sass',
29 silly mapToRegistry   rawSpec: '',
29 silly mapToRegistry   spec: 'latest',
29 silly mapToRegistry   type: 'tag' }
30 silly mapToRegistry uri https://registry.npmjs.org/bootstrap-sass
31 silly fetchNamedPackageData cross-env
32 silly mapToRegistry name cross-env
33 silly mapToRegistry using default registry
34 silly mapToRegistry registry https://registry.npmjs.org/
35 silly mapToRegistry data Result {
35 silly mapToRegistry   raw: 'cross-env',
35 silly mapToRegistry   scope: null,
35 silly mapToRegistry   escapedName: 'cross-env',
35 silly mapToRegistry   name: 'cross-env',
35 silly mapToRegistry   rawSpec: '',
35 silly mapToRegistry   spec: 'latest',
35 silly mapToRegistry   type: 'tag' }
36 silly mapToRegistry uri https://registry.npmjs.org/cross-env
37 silly fetchNamedPackageData jquery
38 silly mapToRegistry name jquery
39 silly mapToRegistry using default registry
40 silly mapToRegistry registry https://registry.npmjs.org/
41 silly mapToRegistry data Result {
41 silly mapToRegistry   raw: 'jquery',
41 silly mapToRegistry   scope: null,
41 silly mapToRegistry   escapedName: 'jquery',
41 silly mapToRegistry   name: 'jquery',
41 silly mapToRegistry   rawSpec: '',
41 silly mapToRegistry   spec: 'latest',
41 silly mapToRegistry   type: 'tag' }
42 silly mapToRegistry uri https://registry.npmjs.org/jquery
43 silly fetchNamedPackageData laravel-mix
44 silly mapToRegistry name laravel-mix
45 silly mapToRegistry using default registry
46 silly mapToRegistry registry https://registry.npmjs.org/
47 silly mapToRegistry data Result {
47 silly mapToRegistry   raw: 'laravel-mix',
47 silly mapToRegistry   scope: null,
47 silly mapToRegistry   escapedName: 'laravel-mix',
47 silly mapToRegistry   name: 'laravel-mix',
47 silly mapToRegistry   rawSpec: '',
47 silly mapToRegistry   spec: 'latest',
47 silly mapToRegistry   type: 'tag' }
48 silly mapToRegistry uri https://registry.npmjs.org/laravel-mix
49 silly fetchNamedPackageData lodash
50 silly mapToRegistry name lodash
51 silly mapToRegistry using default registry
52 silly mapToRegistry registry https://registry.npmjs.org/
53 silly mapToRegistry data Result {
53 silly mapToRegistry   raw: 'lodash',
53 silly mapToRegistry   scope: null,
53 silly mapToRegistry   escapedName: 'lodash',
53 silly mapToRegistry   name: 'lodash',
53 silly mapToRegistry   rawSpec: '',
53 silly mapToRegistry   spec: 'latest',
53 silly mapToRegistry   type: 'tag' }
54 silly mapToRegistry uri https://registry.npmjs.org/lodash
55 silly fetchNamedPackageData vue
56 silly mapToRegistry name vue
57 silly mapToRegistry using default registry
58 silly mapToRegistry registry https://registry.npmjs.org/
59 silly mapToRegistry data Result {
59 silly mapToRegistry   raw: 'vue',
59 silly mapToRegistry   scope: null,
59 silly mapToRegistry   escapedName: 'vue',
59 silly mapToRegistry   name: 'vue',
59 silly mapToRegistry   rawSpec: '',
59 silly mapToRegistry   spec: 'latest',
59 silly mapToRegistry   type: 'tag' }
60 silly mapToRegistry uri https://registry.npmjs.org/vue
61 verbose request uri https://registry.npmjs.org/axios
62 verbose request no auth needed
63 info attempt registry request try #1 at 15:55:20
64 verbose request id 7687ca76cddd79a8
65 http request GET https://registry.npmjs.org/axios
66 verbose request uri https://registry.npmjs.org/cross-env
67 verbose request no auth needed
68 info attempt registry request try #1 at 15:55:20
69 http request GET https://registry.npmjs.org/cross-env
70 verbose request uri https://registry.npmjs.org/jquery
71 verbose request no auth needed
72 info attempt registry request try #1 at 15:55:20
73 http request GET https://registry.npmjs.org/jquery
74 verbose request uri https://registry.npmjs.org/laravel-mix
75 verbose request no auth needed
76 info attempt registry request try #1 at 15:55:20
77 http request GET https://registry.npmjs.org/laravel-mix
78 verbose request uri https://registry.npmjs.org/lodash
79 verbose request no auth needed
80 info attempt registry request try #1 at 15:55:20
81 http request GET https://registry.npmjs.org/lodash
82 verbose request uri https://registry.npmjs.org/bootstrap-sass
83 verbose request no auth needed
84 info attempt registry request try #1 at 15:55:20
85 http request GET https://registry.npmjs.org/bootstrap-sass
86 verbose request uri https://registry.npmjs.org/vue
87 verbose request no auth needed
88 info attempt registry request try #1 at 15:55:20
89 http request GET https://registry.npmjs.org/vue
90 info retry will retry, error on last attempt: Error: connect ETIMEDOUT 151.101.112.162:443
91 info retry will retry, error on last attempt: Error: connect ETIMEDOUT 151.101.112.162:443
92 info retry will retry, error on last attempt: Error: connect ETIMEDOUT 151.101.112.162:443
93 info retry will retry, error on last attempt: Error: connect ETIMEDOUT 151.101.112.162:443
94 info retry will retry, error on last attempt: Error: connect ETIMEDOUT 151.101.112.162:443
95 info retry will retry, error on last attempt: Error: connect ETIMEDOUT 151.101.112.162:443
96 info retry will retry, error on last attempt: Error: connect ETIMEDOUT 151.101.112.162:443
97 info attempt registry request try #2 at 15:55:51
98 http request GET https://registry.npmjs.org/cross-env
99 info attempt registry request try #2 at 15:55:51
100 http request GET https://registry.npmjs.org/lodash
101 info attempt registry request try #2 at 15:55:51
102 http request GET https://registry.npmjs.org/vue
103 info attempt registry request try #2 at 15:55:51
104 http request GET https://registry.npmjs.org/laravel-mix
105 info attempt registry request try #2 at 15:55:51
106 http request GET https://registry.npmjs.org/bootstrap-sass
107 info attempt registry request try #2 at 15:55:51
108 http request GET https://registry.npmjs.org/jquery
109 info attempt registry request try #2 at 15:55:52
110 http request GET https://registry.npmjs.org/axios
111 info retry will retry, error on last attempt: Error: connect ETIMEDOUT 151.101.112.162:443
112 info retry will retry, error on last attempt: Error: connect ETIMEDOUT 151.101.112.162:443
113 info retry will retry, error on last attempt: Error: connect ETIMEDOUT 151.101.112.162:443
114 info retry will retry, error on last attempt: Error: connect ETIMEDOUT 151.101.112.162:443
115 info retry will retry, error on last attempt: Error: connect ETIMEDOUT 151.101.112.162:443
116 info retry will retry, error on last attempt: Error: connect ETIMEDOUT 151.101.112.162:443
117 info retry will retry, error on last attempt: Error: connect ETIMEDOUT 151.101.112.162:443
118 info attempt registry request try #3 at 15:57:12
119 http request GET https://registry.npmjs.org/laravel-mix
120 info attempt registry request try #3 at 15:57:12
121 http request GET https://registry.npmjs.org/vue
122 info attempt registry request try #3 at 15:57:13
123 http request GET https://registry.npmjs.org/lodash
124 info attempt registry request try #3 at 15:57:13
125 http request GET https://registry.npmjs.org/bootstrap-sass
126 info attempt registry request try #3 at 15:57:13
127 http request GET https://registry.npmjs.org/axios
128 info attempt registry request try #3 at 15:57:13
129 http request GET https://registry.npmjs.org/cross-env
130 info attempt registry request try #3 at 15:57:13
131 http request GET https://registry.npmjs.org/jquery
132 silly fetchPackageMetaData Error: connect ETIMEDOUT 151.101.112.162:443
132 silly fetchPackageMetaData     at Object.exports._errnoException (util.js:1026:11)
132 silly fetchPackageMetaData     at exports._exceptionWithHostPort (util.js:1049:20)
132 silly fetchPackageMetaData     at TCPConnectWrap.afterConnect [as oncomplete] (net.js:1090:14)
132 silly fetchPackageMetaData  error for lodash@^4.17.4 { Error: connect ETIMEDOUT 151.101.112.162:443
132 silly fetchPackageMetaData     at Object.exports._errnoException (util.js:1026:11)
132 silly fetchPackageMetaData     at exports._exceptionWithHostPort (util.js:1049:20)
132 silly fetchPackageMetaData     at TCPConnectWrap.afterConnect [as oncomplete] (net.js:1090:14)
132 silly fetchPackageMetaData   code: 'ETIMEDOUT',
132 silly fetchPackageMetaData   errno: 'ETIMEDOUT',
132 silly fetchPackageMetaData   syscall: 'connect',
132 silly fetchPackageMetaData   address: '151.101.112.162',
132 silly fetchPackageMetaData   port: 443 }
133 silly fetchPackageMetaData Error: connect ETIMEDOUT 151.101.112.162:443
133 silly fetchPackageMetaData     at Object.exports._errnoException (util.js:1026:11)
133 silly fetchPackageMetaData     at exports._exceptionWithHostPort (util.js:1049:20)
133 silly fetchPackageMetaData     at TCPConnectWrap.afterConnect [as oncomplete] (net.js:1090:14)
133 silly fetchPackageMetaData  error for vue@^2.1.10 { Error: connect ETIMEDOUT 151.101.112.162:443
133 silly fetchPackageMetaData     at Object.exports._errnoException (util.js:1026:11)
133 silly fetchPackageMetaData     at exports._exceptionWithHostPort (util.js:1049:20)
133 silly fetchPackageMetaData     at TCPConnectWrap.afterConnect [as oncomplete] (net.js:1090:14)
133 silly fetchPackageMetaData   code: 'ETIMEDOUT',
133 silly fetchPackageMetaData   errno: 'ETIMEDOUT',
133 silly fetchPackageMetaData   syscall: 'connect',
133 silly fetchPackageMetaData   address: '151.101.112.162',
133 silly fetchPackageMetaData   port: 443 }
134 silly fetchPackageMetaData Error: connect ETIMEDOUT 151.101.112.162:443
134 silly fetchPackageMetaData     at Object.exports._errnoException (util.js:1026:11)
134 silly fetchPackageMetaData     at exports._exceptionWithHostPort (util.js:1049:20)
134 silly fetchPackageMetaData     at TCPConnectWrap.afterConnect [as oncomplete] (net.js:1090:14)
134 silly fetchPackageMetaData  error for cross-env@^3.2.3 { Error: connect ETIMEDOUT 151.101.112.162:443
134 silly fetchPackageMetaData     at Object.exports._errnoException (util.js:1026:11)
134 silly fetchPackageMetaData     at exports._exceptionWithHostPort (util.js:1049:20)
134 silly fetchPackageMetaData     at TCPConnectWrap.afterConnect [as oncomplete] (net.js:1090:14)
134 silly fetchPackageMetaData   code: 'ETIMEDOUT',
134 silly fetchPackageMetaData   errno: 'ETIMEDOUT',
134 silly fetchPackageMetaData   syscall: 'connect',
134 silly fetchPackageMetaData   address: '151.101.112.162',
134 silly fetchPackageMetaData   port: 443 }
135 silly fetchPackageMetaData Error: connect ETIMEDOUT 151.101.112.162:443
135 silly fetchPackageMetaData     at Object.exports._errnoException (util.js:1026:11)
135 silly fetchPackageMetaData     at exports._exceptionWithHostPort (util.js:1049:20)
135 silly fetchPackageMetaData     at TCPConnectWrap.afterConnect [as oncomplete] (net.js:1090:14)
135 silly fetchPackageMetaData  error for bootstrap-sass@^3.3.7 { Error: connect ETIMEDOUT 151.101.112.162:443
135 silly fetchPackageMetaData     at Object.exports._errnoException (util.js:1026:11)
135 silly fetchPackageMetaData     at exports._exceptionWithHostPort (util.js:1049:20)
135 silly fetchPackageMetaData     at TCPConnectWrap.afterConnect [as oncomplete] (net.js:1090:14)
135 silly fetchPackageMetaData   code: 'ETIMEDOUT',
135 silly fetchPackageMetaData   errno: 'ETIMEDOUT',
135 silly fetchPackageMetaData   syscall: 'connect',
135 silly fetchPackageMetaData   address: '151.101.112.162',
135 silly fetchPackageMetaData   port: 443 }
136 silly fetchPackageMetaData Error: connect ETIMEDOUT 151.101.112.162:443
136 silly fetchPackageMetaData     at Object.exports._errnoException (util.js:1026:11)
136 silly fetchPackageMetaData     at exports._exceptionWithHostPort (util.js:1049:20)
136 silly fetchPackageMetaData     at TCPConnectWrap.afterConnect [as oncomplete] (net.js:1090:14)
136 silly fetchPackageMetaData  error for jquery@^3.1.1 { Error: connect ETIMEDOUT 151.101.112.162:443
136 silly fetchPackageMetaData     at Object.exports._errnoException (util.js:1026:11)
136 silly fetchPackageMetaData     at exports._exceptionWithHostPort (util.js:1049:20)
136 silly fetchPackageMetaData     at TCPConnectWrap.afterConnect [as oncomplete] (net.js:1090:14)
136 silly fetchPackageMetaData   code: 'ETIMEDOUT',
136 silly fetchPackageMetaData   errno: 'ETIMEDOUT',
136 silly fetchPackageMetaData   syscall: 'connect',
136 silly fetchPackageMetaData   address: '151.101.112.162',
136 silly fetchPackageMetaData   port: 443 }
137 silly fetchPackageMetaData Error: connect ETIMEDOUT 151.101.112.162:443
137 silly fetchPackageMetaData     at Object.exports._errnoException (util.js:1026:11)
137 silly fetchPackageMetaData     at exports._exceptionWithHostPort (util.js:1049:20)
137 silly fetchPackageMetaData     at TCPConnectWrap.afterConnect [as oncomplete] (net.js:1090:14)
137 silly fetchPackageMetaData  error for laravel-mix@^0.8.3 { Error: connect ETIMEDOUT 151.101.112.162:443
137 silly fetchPackageMetaData     at Object.exports._errnoException (util.js:1026:11)
137 silly fetchPackageMetaData     at exports._exceptionWithHostPort (util.js:1049:20)
137 silly fetchPackageMetaData     at TCPConnectWrap.afterConnect [as oncomplete] (net.js:1090:14)
137 silly fetchPackageMetaData   code: 'ETIMEDOUT',
137 silly fetchPackageMetaData   errno: 'ETIMEDOUT',
137 silly fetchPackageMetaData   syscall: 'connect',
137 silly fetchPackageMetaData   address: '151.101.112.162',
137 silly fetchPackageMetaData   port: 443 }
138 silly fetchPackageMetaData Error: connect ETIMEDOUT 151.101.112.162:443
138 silly fetchPackageMetaData     at Object.exports._errnoException (util.js:1026:11)
138 silly fetchPackageMetaData     at exports._exceptionWithHostPort (util.js:1049:20)
138 silly fetchPackageMetaData     at TCPConnectWrap.afterConnect [as oncomplete] (net.js:1090:14)
138 silly fetchPackageMetaData  error for axios@^0.15.3 { Error: connect ETIMEDOUT 151.101.112.162:443
138 silly fetchPackageMetaData     at Object.exports._errnoException (util.js:1026:11)
138 silly fetchPackageMetaData     at exports._exceptionWithHostPort (util.js:1049:20)
138 silly fetchPackageMetaData     at TCPConnectWrap.afterConnect [as oncomplete] (net.js:1090:14)
138 silly fetchPackageMetaData   code: 'ETIMEDOUT',
138 silly fetchPackageMetaData   errno: 'ETIMEDOUT',
138 silly fetchPackageMetaData   syscall: 'connect',
138 silly fetchPackageMetaData   address: '151.101.112.162',
138 silly fetchPackageMetaData   port: 443 }
139 silly rollbackFailedOptional Starting
140 silly rollbackFailedOptional Finishing
141 silly runTopLevelLifecycles Finishing
142 silly install printInstalled
143 verbose stack Error: connect ETIMEDOUT 151.101.112.162:443
143 verbose stack     at Object.exports._errnoException (util.js:1026:11)
143 verbose stack     at exports._exceptionWithHostPort (util.js:1049:20)
143 verbose stack     at TCPConnectWrap.afterConnect [as oncomplete] (net.js:1090:14)
144 verbose cwd C:\ProgramData\wamp\www\transvargo
145 error Windows_NT 6.1.7601
146 error argv "C:\\Program Files\\nodejs\\node.exe" "C:\\Program Files\\nodejs\\node_modules\\npm\\bin\\npm-cli.js" "install" "--scripts-prepend-node-path=auto"
147 error node v7.0.0
148 error npm  v3.10.8
149 error code ETIMEDOUT
150 error errno ETIMEDOUT
151 error syscall connect
152 error network connect ETIMEDOUT 151.101.112.162:443
153 error network This is most likely not a problem with npm itself
153 error network and is related to network connectivity.
153 error network In most cases you are behind a proxy or have bad network settings.
153 error network
153 error network If you are behind a proxy, please make sure that the
153 error network 'proxy' config is set properly.  See: 'npm help config'
154 verbose exit [ 1, true ]
